<?xml version="1.0" encoding="UTF-8"?>
<robot generator="Robot 4.1 (Python 3.9.1 on win32)" generated="20210723 17:08:46.213" rpa="false" schemaversion="2">
<suite id="s1" name="Whats App(Login)" source="C:\Users\DELL\PycharmProjects\whatss-app-automation-test\whats_app(login).robot">
<test id="s1-t1" name="intial login">
<kw name="Open Application" library="AppiumLibrary">
<arg>http://localhost:4723/wd/hub</arg>
<arg>platformName=Android</arg>
<arg>platformVersion=11.0</arg>
<arg>deviceName=emulator-5554</arg>
<arg>app=C:\\Users\\DELL\\Downloads\\WhatsApp.apk</arg>
<doc>Opens a new application to given Appium server.
Capabilities of appium server, Android and iOS,
Please check https://github.com/appium/appium/blob/master/docs/en/writing-running-appium/server-args.md
| *Option*            | *Man.* | *Description*     |
| remote_url          | Yes    | Appium server url |
| alias               | no     | alias             |</doc>
<status status="PASS" starttime="20210723 17:08:46.754" endtime="20210723 17:09:47.401"/>
</kw>
<status status="PASS" starttime="20210723 17:08:46.753" endtime="20210723 17:09:47.402"/>
</test>
<status status="PASS" starttime="20210723 17:08:46.216" endtime="20210723 17:09:47.404"/>
</suite>
<statistics>
<total>
<stat pass="1" fail="0" skip="0">All Tests</stat>
</total>
<tag>
</tag>
<suite>
<stat pass="1" fail="0" skip="0" id="s1" name="Whats App(Login)">Whats App(Login)</stat>
</suite>
</statistics>
<errors>
</errors>
</robot>
